{"/var/www/js/nodejs/books/GettinMEANWithMongoExpressAngularAndNode/getting-MEAN/app.js":{"path":"/var/www/js/nodejs/books/GettinMEANWithMongoExpressAngularAndNode/getting-MEAN/app.js","s":{"1":1,"2":1,"3":1,"4":1,"5":1,"6":1,"7":1,"8":1,"9":1,"10":1,"11":1,"12":1,"13":1,"14":1,"15":1,"16":1,"17":1,"18":1,"19":1,"20":1,"21":1,"22":0,"23":1,"24":1,"25":1,"26":1,"27":1,"28":1,"29":1,"30":1,"31":1,"32":1,"33":1,"34":0,"35":1,"36":0,"37":0,"38":0,"39":1,"40":0,"41":0,"42":0,"43":1,"44":1,"45":0,"46":0,"47":1,"48":0,"49":0,"50":1},"b":{"1":[0,1],"2":[0,0],"3":[1,0],"4":[0,0],"5":[0,0]},"f":{"1":1,"2":0,"3":0,"4":0,"5":0,"6":0},"fnMap":{"1":{"name":"(anonymous_1)","line":46,"loc":{"start":{"line":46,"column":59},"end":{"line":46,"column":73}}},"2":{"name":"(anonymous_2)","line":69,"loc":{"start":{"line":69,"column":8},"end":{"line":69,"column":27}}},"3":{"name":"(anonymous_3)","line":74,"loc":{"start":{"line":74,"column":8},"end":{"line":74,"column":33}}},"4":{"name":"(anonymous_4)","line":82,"loc":{"start":{"line":82,"column":8},"end":{"line":82,"column":39}}},"5":{"name":"(anonymous_5)","line":92,"loc":{"start":{"line":92,"column":12},"end":{"line":92,"column":42}}},"6":{"name":"(anonymous_6)","line":103,"loc":{"start":{"line":103,"column":8},"end":{"line":103,"column":38}}}},"statementMap":{"1":{"start":{"line":1,"column":0},"end":{"line":1,"column":25}},"2":{"start":{"line":2,"column":0},"end":{"line":2,"column":33}},"3":{"start":{"line":3,"column":0},"end":{"line":3,"column":27}},"4":{"start":{"line":4,"column":0},"end":{"line":4,"column":39}},"5":{"start":{"line":5,"column":0},"end":{"line":5,"column":31}},"6":{"start":{"line":6,"column":0},"end":{"line":6,"column":44}},"7":{"start":{"line":7,"column":0},"end":{"line":7,"column":40}},"8":{"start":{"line":8,"column":0},"end":{"line":8,"column":36}},"9":{"start":{"line":9,"column":0},"end":{"line":9,"column":23}},"10":{"start":{"line":10,"column":0},"end":{"line":10,"column":35}},"11":{"start":{"line":12,"column":0},"end":{"line":12,"column":31}},"12":{"start":{"line":13,"column":0},"end":{"line":13,"column":37}},"13":{"start":{"line":15,"column":0},"end":{"line":15,"column":50}},"14":{"start":{"line":16,"column":0},"end":{"line":16,"column":50}},"15":{"start":{"line":19,"column":0},"end":{"line":19,"column":20}},"16":{"start":{"line":22,"column":0},"end":{"line":22,"column":62}},"17":{"start":{"line":23,"column":0},"end":{"line":23,"column":31}},"18":{"start":{"line":25,"column":0},"end":{"line":43,"column":2}},"19":{"start":{"line":45,"column":0},"end":{"line":45,"column":68}},"20":{"start":{"line":46,"column":0},"end":{"line":52,"column":3}},"21":{"start":{"line":47,"column":4},"end":{"line":51,"column":5}},"22":{"start":{"line":48,"column":8},"end":{"line":48,"column":25}},"23":{"start":{"line":50,"column":8},"end":{"line":50,"column":64}},"24":{"start":{"line":55,"column":0},"end":{"line":55,"column":52}},"25":{"start":{"line":56,"column":0},"end":{"line":56,"column":23}},"26":{"start":{"line":57,"column":0},"end":{"line":57,"column":27}},"27":{"start":{"line":58,"column":0},"end":{"line":58,"column":52}},"28":{"start":{"line":59,"column":0},"end":{"line":59,"column":24}},"29":{"start":{"line":60,"column":0},"end":{"line":60,"column":56}},"30":{"start":{"line":61,"column":0},"end":{"line":61,"column":60}},"31":{"start":{"line":63,"column":0},"end":{"line":63,"column":31}},"32":{"start":{"line":66,"column":0},"end":{"line":66,"column":27}},"33":{"start":{"line":69,"column":0},"end":{"line":71,"column":3}},"34":{"start":{"line":70,"column":2},"end":{"line":70,"column":65}},"35":{"start":{"line":74,"column":0},"end":{"line":78,"column":3}},"36":{"start":{"line":75,"column":4},"end":{"line":75,"column":37}},"37":{"start":{"line":76,"column":4},"end":{"line":76,"column":21}},"38":{"start":{"line":77,"column":4},"end":{"line":77,"column":14}},"39":{"start":{"line":82,"column":0},"end":{"line":87,"column":3}},"40":{"start":{"line":83,"column":2},"end":{"line":86,"column":3}},"41":{"start":{"line":84,"column":4},"end":{"line":84,"column":20}},"42":{"start":{"line":85,"column":4},"end":{"line":85,"column":58}},"43":{"start":{"line":91,"column":0},"end":{"line":99,"column":1}},"44":{"start":{"line":92,"column":4},"end":{"line":98,"column":7}},"45":{"start":{"line":93,"column":8},"end":{"line":93,"column":38}},"46":{"start":{"line":94,"column":8},"end":{"line":97,"column":11}},"47":{"start":{"line":103,"column":0},"end":{"line":109,"column":3}},"48":{"start":{"line":104,"column":4},"end":{"line":104,"column":34}},"49":{"start":{"line":105,"column":4},"end":{"line":108,"column":7}},"50":{"start":{"line":112,"column":0},"end":{"line":112,"column":21}}},"branchMap":{"1":{"line":47,"type":"if","locations":[{"start":{"line":47,"column":4},"end":{"line":47,"column":4}},{"start":{"line":47,"column":4},"end":{"line":47,"column":4}}]},"2":{"line":83,"type":"if","locations":[{"start":{"line":83,"column":2},"end":{"line":83,"column":2}},{"start":{"line":83,"column":2},"end":{"line":83,"column":2}}]},"3":{"line":91,"type":"if","locations":[{"start":{"line":91,"column":0},"end":{"line":91,"column":0}},{"start":{"line":91,"column":0},"end":{"line":91,"column":0}}]},"4":{"line":93,"type":"binary-expr","locations":[{"start":{"line":93,"column":19},"end":{"line":93,"column":29}},{"start":{"line":93,"column":33},"end":{"line":93,"column":36}}]},"5":{"line":104,"type":"binary-expr","locations":[{"start":{"line":104,"column":15},"end":{"line":104,"column":25}},{"start":{"line":104,"column":29},"end":{"line":104,"column":32}}]}}},"/var/www/js/nodejs/books/GettinMEANWithMongoExpressAngularAndNode/getting-MEAN/app_api/models/db.js":{"path":"/var/www/js/nodejs/books/GettinMEANWithMongoExpressAngularAndNode/getting-MEAN/app_api/models/db.js","s":{"1":1,"2":1,"3":1,"4":1,"5":0,"6":1,"7":1,"8":1,"9":1,"10":0,"11":1,"12":1,"13":1,"14":1,"15":1,"16":1,"17":1,"18":0,"19":0,"20":1,"21":1,"22":1,"23":1,"24":0,"25":0,"26":1,"27":1},"b":{"1":[0,1]},"f":{"1":1,"2":0,"3":1,"4":1,"5":1,"6":0,"7":0,"8":1,"9":1,"10":0,"11":0},"fnMap":{"1":{"name":"(anonymous_1)","line":11,"loc":{"start":{"line":11,"column":36},"end":{"line":11,"column":47}}},"2":{"name":"(anonymous_2)","line":14,"loc":{"start":{"line":14,"column":32},"end":{"line":14,"column":46}}},"3":{"name":"(anonymous_3)","line":17,"loc":{"start":{"line":17,"column":39},"end":{"line":17,"column":50}}},"4":{"name":"(anonymous_4)","line":23,"loc":{"start":{"line":23,"column":19},"end":{"line":23,"column":43}}},"5":{"name":"(anonymous_5)","line":24,"loc":{"start":{"line":24,"column":30},"end":{"line":24,"column":41}}},"6":{"name":"(anonymous_6)","line":30,"loc":{"start":{"line":30,"column":24},"end":{"line":30,"column":35}}},"7":{"name":"(anonymous_7)","line":31,"loc":{"start":{"line":31,"column":40},"end":{"line":31,"column":51}}},"8":{"name":"(anonymous_8)","line":36,"loc":{"start":{"line":36,"column":21},"end":{"line":36,"column":32}}},"9":{"name":"(anonymous_9)","line":37,"loc":{"start":{"line":37,"column":40},"end":{"line":37,"column":51}}},"10":{"name":"(anonymous_10)","line":42,"loc":{"start":{"line":42,"column":22},"end":{"line":42,"column":33}}},"11":{"name":"(anonymous_11)","line":43,"loc":{"start":{"line":43,"column":47},"end":{"line":43,"column":58}}}},"statementMap":{"1":{"start":{"line":1,"column":0},"end":{"line":1,"column":35}},"2":{"start":{"line":2,"column":0},"end":{"line":2,"column":21}},"3":{"start":{"line":3,"column":0},"end":{"line":3,"column":40}},"4":{"start":{"line":4,"column":0},"end":{"line":6,"column":1}},"5":{"start":{"line":5,"column":4},"end":{"line":5,"column":37}},"6":{"start":{"line":8,"column":0},"end":{"line":8,"column":24}},"7":{"start":{"line":11,"column":0},"end":{"line":13,"column":3}},"8":{"start":{"line":12,"column":4},"end":{"line":12,"column":50}},"9":{"start":{"line":14,"column":0},"end":{"line":16,"column":3}},"10":{"start":{"line":15,"column":4},"end":{"line":15,"column":53}},"11":{"start":{"line":17,"column":0},"end":{"line":19,"column":3}},"12":{"start":{"line":18,"column":4},"end":{"line":18,"column":41}},"13":{"start":{"line":23,"column":0},"end":{"line":28,"column":2}},"14":{"start":{"line":24,"column":4},"end":{"line":27,"column":7}},"15":{"start":{"line":25,"column":8},"end":{"line":25,"column":60}},"16":{"start":{"line":26,"column":8},"end":{"line":26,"column":19}},"17":{"start":{"line":30,"column":0},"end":{"line":34,"column":3}},"18":{"start":{"line":31,"column":4},"end":{"line":33,"column":7}},"19":{"start":{"line":32,"column":8},"end":{"line":32,"column":45}},"20":{"start":{"line":36,"column":0},"end":{"line":40,"column":3}},"21":{"start":{"line":37,"column":4},"end":{"line":39,"column":7}},"22":{"start":{"line":38,"column":8},"end":{"line":38,"column":24}},"23":{"start":{"line":42,"column":0},"end":{"line":46,"column":3}},"24":{"start":{"line":43,"column":4},"end":{"line":45,"column":7}},"25":{"start":{"line":44,"column":8},"end":{"line":44,"column":24}},"26":{"start":{"line":49,"column":0},"end":{"line":49,"column":23}},"27":{"start":{"line":50,"column":0},"end":{"line":50,"column":19}}},"branchMap":{"1":{"line":4,"type":"if","locations":[{"start":{"line":4,"column":0},"end":{"line":4,"column":0}},{"start":{"line":4,"column":0},"end":{"line":4,"column":0}}]}}},"/var/www/js/nodejs/books/GettinMEANWithMongoExpressAngularAndNode/getting-MEAN/app_api/models/locations.js":{"path":"/var/www/js/nodejs/books/GettinMEANWithMongoExpressAngularAndNode/getting-MEAN/app_api/models/locations.js","s":{"1":1,"2":1,"3":1,"4":1,"5":1},"b":{},"f":{},"fnMap":{},"statementMap":{"1":{"start":{"line":1,"column":0},"end":{"line":1,"column":35}},"2":{"start":{"line":3,"column":0},"end":{"line":16,"column":3}},"3":{"start":{"line":18,"column":0},"end":{"line":29,"column":3}},"4":{"start":{"line":31,"column":0},"end":{"line":51,"column":3}},"5":{"start":{"line":53,"column":0},"end":{"line":53,"column":43}}},"branchMap":{}},"/var/www/js/nodejs/books/GettinMEANWithMongoExpressAngularAndNode/getting-MEAN/app_api/models/users.js":{"path":"/var/www/js/nodejs/books/GettinMEANWithMongoExpressAngularAndNode/getting-MEAN/app_api/models/users.js","s":{"1":1,"2":1,"3":1,"4":1,"5":1,"6":0,"7":0,"8":1,"9":0,"10":0,"11":1,"12":0,"13":0,"14":0,"15":1},"b":{},"f":{"1":0,"2":0,"3":0},"fnMap":{"1":{"name":"(anonymous_1)","line":19,"loc":{"start":{"line":19,"column":33},"end":{"line":19,"column":51}}},"2":{"name":"(anonymous_2)","line":24,"loc":{"start":{"line":24,"column":35},"end":{"line":24,"column":54}}},"3":{"name":"(anonymous_3)","line":29,"loc":{"start":{"line":29,"column":33},"end":{"line":29,"column":44}}}},"statementMap":{"1":{"start":{"line":1,"column":0},"end":{"line":1,"column":37}},"2":{"start":{"line":2,"column":0},"end":{"line":2,"column":31}},"3":{"start":{"line":3,"column":0},"end":{"line":3,"column":34}},"4":{"start":{"line":5,"column":0},"end":{"line":17,"column":3}},"5":{"start":{"line":19,"column":0},"end":{"line":22,"column":2}},"6":{"start":{"line":20,"column":2},"end":{"line":20,"column":53}},"7":{"start":{"line":21,"column":2},"end":{"line":21,"column":79}},"8":{"start":{"line":24,"column":0},"end":{"line":27,"column":2}},"9":{"start":{"line":25,"column":2},"end":{"line":25,"column":78}},"10":{"start":{"line":26,"column":2},"end":{"line":26,"column":28}},"11":{"start":{"line":29,"column":0},"end":{"line":39,"column":2}},"12":{"start":{"line":30,"column":2},"end":{"line":30,"column":26}},"13":{"start":{"line":31,"column":2},"end":{"line":31,"column":39}},"14":{"start":{"line":33,"column":2},"end":{"line":38,"column":29}},"15":{"start":{"line":41,"column":0},"end":{"line":41,"column":35}}},"branchMap":{}},"/var/www/js/nodejs/books/GettinMEANWithMongoExpressAngularAndNode/getting-MEAN/app_api/config/passport.js":{"path":"/var/www/js/nodejs/books/GettinMEANWithMongoExpressAngularAndNode/getting-MEAN/app_api/config/passport.js","s":{"1":1,"2":1,"3":1,"4":1,"5":1,"6":0,"7":0,"8":0,"9":0,"10":0,"11":0,"12":0,"13":0},"b":{"1":[0,0],"2":[0,0],"3":[0,0]},"f":{"1":0,"2":0},"fnMap":{"1":{"name":"(anonymous_1)","line":9,"loc":{"start":{"line":9,"column":2},"end":{"line":9,"column":37}}},"2":{"name":"(anonymous_2)","line":10,"loc":{"start":{"line":10,"column":38},"end":{"line":10,"column":59}}}},"statementMap":{"1":{"start":{"line":1,"column":0},"end":{"line":1,"column":35}},"2":{"start":{"line":2,"column":0},"end":{"line":2,"column":55}},"3":{"start":{"line":3,"column":0},"end":{"line":3,"column":35}},"4":{"start":{"line":4,"column":0},"end":{"line":4,"column":34}},"5":{"start":{"line":6,"column":0},"end":{"line":25,"column":3}},"6":{"start":{"line":10,"column":4},"end":{"line":23,"column":7}},"7":{"start":{"line":11,"column":6},"end":{"line":11,"column":36}},"8":{"start":{"line":11,"column":17},"end":{"line":11,"column":34}},"9":{"start":{"line":12,"column":6},"end":{"line":16,"column":7}},"10":{"start":{"line":13,"column":8},"end":{"line":15,"column":11}},"11":{"start":{"line":17,"column":6},"end":{"line":21,"column":7}},"12":{"start":{"line":18,"column":8},"end":{"line":20,"column":11}},"13":{"start":{"line":22,"column":6},"end":{"line":22,"column":30}}},"branchMap":{"1":{"line":11,"type":"if","locations":[{"start":{"line":11,"column":6},"end":{"line":11,"column":6}},{"start":{"line":11,"column":6},"end":{"line":11,"column":6}}]},"2":{"line":12,"type":"if","locations":[{"start":{"line":12,"column":6},"end":{"line":12,"column":6}},{"start":{"line":12,"column":6},"end":{"line":12,"column":6}}]},"3":{"line":17,"type":"if","locations":[{"start":{"line":17,"column":6},"end":{"line":17,"column":6}},{"start":{"line":17,"column":6},"end":{"line":17,"column":6}}]}}},"/var/www/js/nodejs/books/GettinMEANWithMongoExpressAngularAndNode/getting-MEAN/app_server/routes/index.js":{"path":"/var/www/js/nodejs/books/GettinMEANWithMongoExpressAngularAndNode/getting-MEAN/app_server/routes/index.js","s":{"1":1,"2":1,"3":1,"4":1,"5":1,"6":1,"7":1,"8":1,"9":1},"b":{},"f":{},"fnMap":{},"statementMap":{"1":{"start":{"line":1,"column":0},"end":{"line":1,"column":33}},"2":{"start":{"line":2,"column":0},"end":{"line":2,"column":30}},"3":{"start":{"line":3,"column":0},"end":{"line":3,"column":56}},"4":{"start":{"line":4,"column":0},"end":{"line":4,"column":50}},"5":{"start":{"line":7,"column":0},"end":{"line":7,"column":39}},"6":{"start":{"line":9,"column":0},"end":{"line":9,"column":64}},"7":{"start":{"line":10,"column":0},"end":{"line":10,"column":72}},"8":{"start":{"line":11,"column":0},"end":{"line":11,"column":75}},"9":{"start":{"line":16,"column":0},"end":{"line":16,"column":24}}},"branchMap":{}},"/var/www/js/nodejs/books/GettinMEANWithMongoExpressAngularAndNode/getting-MEAN/app_server/controllers/locations.js":{"path":"/var/www/js/nodejs/books/GettinMEANWithMongoExpressAngularAndNode/getting-MEAN/app_server/controllers/locations.js","s":{"1":1,"2":1,"3":1,"4":0,"5":1,"6":0,"7":1,"8":0,"9":0,"10":0,"11":0,"12":0,"13":0,"14":0,"15":0,"16":0,"17":1,"18":0,"19":0,"20":0,"21":0,"22":0,"23":0,"24":0,"25":0,"26":0,"27":0,"28":0,"29":1,"30":0,"31":1,"32":0,"33":1,"34":0,"35":0,"36":0,"37":0,"38":0,"39":0,"40":0,"41":0,"42":0,"43":1,"44":0,"45":1,"46":0,"47":0,"48":1,"49":0,"50":1,"51":0,"52":0,"53":1,"54":0,"55":0,"56":0,"57":0,"58":0,"59":0,"60":0,"61":0,"62":0,"63":0,"64":0,"65":0,"66":0},"b":{"1":[0,1],"2":[0,0],"3":[0,0],"4":[0,0],"5":[0,0],"6":[0,0],"7":[0,0],"8":[0,0],"9":[0,0],"10":[0,0,0],"11":[0,0],"12":[0,0],"13":[0,0,0]},"f":{"1":0,"2":0,"3":0,"4":0,"5":0,"6":0,"7":0,"8":0,"9":0,"10":0,"11":0,"12":0,"13":0,"14":0,"15":0},"fnMap":{"1":{"name":"(anonymous_1)","line":9,"loc":{"start":{"line":9,"column":17},"end":{"line":9,"column":30}}},"2":{"name":"(anonymous_2)","line":13,"loc":{"start":{"line":13,"column":22},"end":{"line":13,"column":42}}},"3":{"name":"(anonymous_3)","line":29,"loc":{"start":{"line":29,"column":17},"end":{"line":29,"column":45}}},"4":{"name":"(anonymous_4)","line":48,"loc":{"start":{"line":48,"column":21},"end":{"line":48,"column":53}}},"5":{"name":"(anonymous_5)","line":60,"loc":{"start":{"line":60,"column":26},"end":{"line":60,"column":44}}},"6":{"name":"(anonymous_6)","line":64,"loc":{"start":{"line":64,"column":22},"end":{"line":64,"column":52}}},"7":{"name":"(anonymous_7)","line":74,"loc":{"start":{"line":74,"column":4},"end":{"line":74,"column":34}}},"8":{"name":"(anonymous_8)","line":89,"loc":{"start":{"line":89,"column":23},"end":{"line":89,"column":54}}},"9":{"name":"(anonymous_9)","line":102,"loc":{"start":{"line":102,"column":30},"end":{"line":102,"column":48}}},"10":{"name":"(anonymous_10)","line":103,"loc":{"start":{"line":103,"column":28},"end":{"line":103,"column":61}}},"11":{"name":"(anonymous_11)","line":108,"loc":{"start":{"line":108,"column":23},"end":{"line":108,"column":54}}},"12":{"name":"(anonymous_12)","line":120,"loc":{"start":{"line":120,"column":27},"end":{"line":120,"column":45}}},"13":{"name":"(anonymous_13)","line":121,"loc":{"start":{"line":121,"column":28},"end":{"line":121,"column":61}}},"14":{"name":"(anonymous_14)","line":127,"loc":{"start":{"line":127,"column":29},"end":{"line":127,"column":47}}},"15":{"name":"(anonymous_15)","line":150,"loc":{"start":{"line":150,"column":6},"end":{"line":150,"column":36}}}},"statementMap":{"1":{"start":{"line":1,"column":0},"end":{"line":1,"column":33}},"2":{"start":{"line":2,"column":0},"end":{"line":4,"column":2}},"3":{"start":{"line":5,"column":0},"end":{"line":7,"column":1}},"4":{"start":{"line":6,"column":2},"end":{"line":6,"column":65}},"5":{"start":{"line":9,"column":0},"end":{"line":11,"column":2}},"6":{"start":{"line":10,"column":2},"end":{"line":10,"column":46}},"7":{"start":{"line":13,"column":0},"end":{"line":27,"column":2}},"8":{"start":{"line":14,"column":2},"end":{"line":14,"column":24}},"9":{"start":{"line":15,"column":2},"end":{"line":26,"column":3}},"10":{"start":{"line":16,"column":4},"end":{"line":22,"column":5}},"11":{"start":{"line":17,"column":6},"end":{"line":17,"column":52}},"12":{"start":{"line":18,"column":6},"end":{"line":18,"column":18}},"13":{"start":{"line":20,"column":6},"end":{"line":20,"column":49}},"14":{"start":{"line":21,"column":6},"end":{"line":21,"column":17}},"15":{"start":{"line":23,"column":4},"end":{"line":23,"column":30}},"16":{"start":{"line":25,"column":4},"end":{"line":25,"column":15}},"17":{"start":{"line":29,"column":0},"end":{"line":46,"column":2}},"18":{"start":{"line":30,"column":2},"end":{"line":30,"column":21}},"19":{"start":{"line":31,"column":2},"end":{"line":40,"column":3}},"20":{"start":{"line":32,"column":4},"end":{"line":32,"column":34}},"21":{"start":{"line":33,"column":4},"end":{"line":33,"column":68}},"22":{"start":{"line":34,"column":9},"end":{"line":40,"column":3}},"23":{"start":{"line":35,"column":4},"end":{"line":35,"column":41}},"24":{"start":{"line":36,"column":4},"end":{"line":36,"column":69}},"25":{"start":{"line":38,"column":4},"end":{"line":38,"column":48}},"26":{"start":{"line":39,"column":4},"end":{"line":39,"column":72}},"27":{"start":{"line":41,"column":2},"end":{"line":41,"column":21}},"28":{"start":{"line":42,"column":2},"end":{"line":45,"column":5}},"29":{"start":{"line":48,"column":0},"end":{"line":57,"column":2}},"30":{"start":{"line":49,"column":2},"end":{"line":56,"column":6}},"31":{"start":{"line":60,"column":0},"end":{"line":62,"column":2}},"32":{"start":{"line":61,"column":2},"end":{"line":61,"column":27}},"33":{"start":{"line":64,"column":0},"end":{"line":87,"column":2}},"34":{"start":{"line":65,"column":2},"end":{"line":65,"column":27}},"35":{"start":{"line":66,"column":2},"end":{"line":66,"column":51}},"36":{"start":{"line":67,"column":2},"end":{"line":71,"column":4}},"37":{"start":{"line":72,"column":2},"end":{"line":86,"column":4}},"38":{"start":{"line":75,"column":6},"end":{"line":75,"column":22}},"39":{"start":{"line":76,"column":6},"end":{"line":84,"column":7}},"40":{"start":{"line":77,"column":8},"end":{"line":80,"column":10}},"41":{"start":{"line":81,"column":8},"end":{"line":81,"column":33}},"42":{"start":{"line":83,"column":8},"end":{"line":83,"column":50}},"43":{"start":{"line":89,"column":0},"end":{"line":99,"column":2}},"44":{"start":{"line":90,"column":2},"end":{"line":98,"column":5}},"45":{"start":{"line":102,"column":0},"end":{"line":106,"column":2}},"46":{"start":{"line":103,"column":2},"end":{"line":105,"column":5}},"47":{"start":{"line":104,"column":4},"end":{"line":104,"column":45}},"48":{"start":{"line":108,"column":0},"end":{"line":117,"column":2}},"49":{"start":{"line":110,"column":2},"end":{"line":115,"column":5}},"50":{"start":{"line":120,"column":0},"end":{"line":124,"column":2}},"51":{"start":{"line":121,"column":2},"end":{"line":123,"column":5}},"52":{"start":{"line":122,"column":4},"end":{"line":122,"column":45}},"53":{"start":{"line":127,"column":0},"end":{"line":162,"column":2}},"54":{"start":{"line":128,"column":2},"end":{"line":128,"column":49}},"55":{"start":{"line":129,"column":2},"end":{"line":129,"column":37}},"56":{"start":{"line":130,"column":2},"end":{"line":130,"column":53}},"57":{"start":{"line":131,"column":2},"end":{"line":135,"column":4}},"58":{"start":{"line":139,"column":2},"end":{"line":143,"column":4}},"59":{"start":{"line":145,"column":2},"end":{"line":161,"column":3}},"60":{"start":{"line":146,"column":4},"end":{"line":146,"column":68}},"61":{"start":{"line":148,"column":4},"end":{"line":160,"column":6}},"62":{"start":{"line":151,"column":8},"end":{"line":158,"column":9}},"63":{"start":{"line":152,"column":10},"end":{"line":152,"column":50}},"64":{"start":{"line":153,"column":15},"end":{"line":158,"column":9}},"65":{"start":{"line":154,"column":10},"end":{"line":154,"column":74}},"66":{"start":{"line":157,"column":10},"end":{"line":157,"column":52}}},"branchMap":{"1":{"line":5,"type":"if","locations":[{"start":{"line":5,"column":0},"end":{"line":5,"column":0}},{"start":{"line":5,"column":0},"end":{"line":5,"column":0}}]},"2":{"line":10,"type":"binary-expr","locations":[{"start":{"line":10,"column":9},"end":{"line":10,"column":30}},{"start":{"line":10,"column":34},"end":{"line":10,"column":45}}]},"3":{"line":15,"type":"if","locations":[{"start":{"line":15,"column":2},"end":{"line":15,"column":2}},{"start":{"line":15,"column":2},"end":{"line":15,"column":2}}]},"4":{"line":15,"type":"binary-expr","locations":[{"start":{"line":15,"column":6},"end":{"line":15,"column":14}},{"start":{"line":15,"column":18},"end":{"line":15,"column":38}}]},"5":{"line":16,"type":"if","locations":[{"start":{"line":16,"column":4},"end":{"line":16,"column":4}},{"start":{"line":16,"column":4},"end":{"line":16,"column":4}}]},"6":{"line":31,"type":"if","locations":[{"start":{"line":31,"column":2},"end":{"line":31,"column":2}},{"start":{"line":31,"column":2},"end":{"line":31,"column":2}}]},"7":{"line":34,"type":"if","locations":[{"start":{"line":34,"column":9},"end":{"line":34,"column":9}},{"start":{"line":34,"column":9},"end":{"line":34,"column":9}}]},"8":{"line":76,"type":"if","locations":[{"start":{"line":76,"column":6},"end":{"line":76,"column":6}},{"start":{"line":76,"column":6},"end":{"line":76,"column":6}}]},"9":{"line":145,"type":"if","locations":[{"start":{"line":145,"column":2},"end":{"line":145,"column":2}},{"start":{"line":145,"column":2},"end":{"line":145,"column":2}}]},"10":{"line":145,"type":"binary-expr","locations":[{"start":{"line":145,"column":6},"end":{"line":145,"column":22}},{"start":{"line":145,"column":26},"end":{"line":145,"column":42}},{"start":{"line":145,"column":46},"end":{"line":145,"column":66}}]},"11":{"line":151,"type":"if","locations":[{"start":{"line":151,"column":8},"end":{"line":151,"column":8}},{"start":{"line":151,"column":8},"end":{"line":151,"column":8}}]},"12":{"line":153,"type":"if","locations":[{"start":{"line":153,"column":15},"end":{"line":153,"column":15}},{"start":{"line":153,"column":15},"end":{"line":153,"column":15}}]},"13":{"line":153,"type":"binary-expr","locations":[{"start":{"line":153,"column":19},"end":{"line":153,"column":46}},{"start":{"line":153,"column":50},"end":{"line":153,"column":59}},{"start":{"line":153,"column":63},"end":{"line":153,"column":94}}]}}},"/var/www/js/nodejs/books/GettinMEANWithMongoExpressAngularAndNode/getting-MEAN/app_server/controllers/others.js":{"path":"/var/www/js/nodejs/books/GettinMEANWithMongoExpressAngularAndNode/getting-MEAN/app_server/controllers/others.js","s":{"1":1,"2":0,"3":1,"4":0},"b":{},"f":{"1":0,"2":0},"fnMap":{"1":{"name":"(anonymous_1)","line":2,"loc":{"start":{"line":2,"column":23},"end":{"line":2,"column":42}}},"2":{"name":"(anonymous_2)","line":9,"loc":{"start":{"line":9,"column":28},"end":{"line":9,"column":46}}}},"statementMap":{"1":{"start":{"line":2,"column":0},"end":{"line":7,"column":2}},"2":{"start":{"line":3,"column":4},"end":{"line":6,"column":7}},"3":{"start":{"line":9,"column":0},"end":{"line":11,"column":2}},"4":{"start":{"line":10,"column":1},"end":{"line":10,"column":42}}},"branchMap":{}},"/var/www/js/nodejs/books/GettinMEANWithMongoExpressAngularAndNode/getting-MEAN/app_api/routes/index.js":{"path":"/var/www/js/nodejs/books/GettinMEANWithMongoExpressAngularAndNode/getting-MEAN/app_api/routes/index.js","s":{"1":1,"2":1,"3":1,"4":1,"5":1,"6":1,"7":1,"8":1,"9":1,"10":1,"11":1,"12":1,"13":1,"14":1,"15":1,"16":1,"17":1,"18":1,"19":1},"b":{},"f":{},"fnMap":{},"statementMap":{"1":{"start":{"line":1,"column":0},"end":{"line":1,"column":33}},"2":{"start":{"line":2,"column":0},"end":{"line":2,"column":30}},"3":{"start":{"line":3,"column":0},"end":{"line":3,"column":33}},"4":{"start":{"line":4,"column":0},"end":{"line":7,"column":3}},"5":{"start":{"line":9,"column":0},"end":{"line":9,"column":56}},"6":{"start":{"line":10,"column":0},"end":{"line":10,"column":52}},"7":{"start":{"line":11,"column":0},"end":{"line":11,"column":56}},"8":{"start":{"line":13,"column":0},"end":{"line":13,"column":64}},"9":{"start":{"line":14,"column":0},"end":{"line":14,"column":57}},"10":{"start":{"line":15,"column":0},"end":{"line":15,"column":69}},"11":{"start":{"line":16,"column":0},"end":{"line":16,"column":71}},"12":{"start":{"line":17,"column":0},"end":{"line":17,"column":74}},"13":{"start":{"line":20,"column":0},"end":{"line":20,"column":79}},"14":{"start":{"line":21,"column":0},"end":{"line":21,"column":83}},"15":{"start":{"line":22,"column":0},"end":{"line":22,"column":91}},"16":{"start":{"line":23,"column":0},"end":{"line":23,"column":94}},"17":{"start":{"line":26,"column":0},"end":{"line":26,"column":44}},"18":{"start":{"line":27,"column":0},"end":{"line":27,"column":38}},"19":{"start":{"line":29,"column":0},"end":{"line":29,"column":24}}},"branchMap":{}},"/var/www/js/nodejs/books/GettinMEANWithMongoExpressAngularAndNode/getting-MEAN/app_api/controllers/locations.js":{"path":"/var/www/js/nodejs/books/GettinMEANWithMongoExpressAngularAndNode/getting-MEAN/app_api/controllers/locations.js","s":{"1":1,"2":1,"3":1,"4":0,"5":0,"6":1,"7":1,"8":1,"9":0,"10":1,"11":0,"12":1,"13":1,"14":0,"15":0,"16":0,"17":0,"18":0,"19":0,"20":0,"21":0,"22":0,"23":0,"24":0,"25":0,"26":0,"27":0,"28":0,"29":0,"30":0,"31":0,"32":1,"33":0,"34":0,"35":0,"36":0,"37":1,"38":0,"39":0,"40":0,"41":0,"42":0,"43":0,"44":0,"45":0,"46":0,"47":0,"48":0,"49":0,"50":0,"51":0,"52":1,"53":0,"54":0,"55":0,"56":0,"57":0,"58":0,"59":0,"60":1,"61":0,"62":0,"63":0,"64":0,"65":0,"66":0,"67":0,"68":0,"69":0,"70":0,"71":0,"72":0,"73":0,"74":0,"75":0,"76":0,"77":0,"78":0,"79":0,"80":1,"81":0,"82":0,"83":0,"84":0,"85":0,"86":0,"87":0,"88":0,"89":0,"90":0},"b":{"1":[0,0],"2":[0,0,0,0,0],"3":[0,0],"4":[0,0],"5":[0,0],"6":[0,0],"7":[0,0],"8":[0,0],"9":[0,0],"10":[0,0],"11":[0,0],"12":[0,0],"13":[0,0],"14":[0,0]},"f":{"1":0,"2":1,"3":0,"4":0,"5":0,"6":0,"7":0,"8":0,"9":0,"10":0,"11":0,"12":0,"13":0,"14":0,"15":0,"16":0,"17":0},"fnMap":{"1":{"name":"(anonymous_1)","line":4,"loc":{"start":{"line":4,"column":23},"end":{"line":4,"column":54}}},"2":{"name":"(anonymous_2)","line":9,"loc":{"start":{"line":9,"column":16},"end":{"line":9,"column":27}}},"3":{"name":"(anonymous_3)","line":12,"loc":{"start":{"line":12,"column":28},"end":{"line":12,"column":43}}},"4":{"name":"(anonymous_4)","line":16,"loc":{"start":{"line":16,"column":28},"end":{"line":16,"column":47}}},"5":{"name":"(anonymous_5)","line":27,"loc":{"start":{"line":27,"column":41},"end":{"line":27,"column":60}}},"6":{"name":"(anonymous_6)","line":56,"loc":{"start":{"line":56,"column":33},"end":{"line":56,"column":63}}},"7":{"name":"(anonymous_7)","line":70,"loc":{"start":{"line":70,"column":24},"end":{"line":70,"column":59}}},"8":{"name":"(anonymous_8)","line":72,"loc":{"start":{"line":72,"column":18},"end":{"line":72,"column":32}}},"9":{"name":"(anonymous_9)","line":86,"loc":{"start":{"line":86,"column":34},"end":{"line":86,"column":53}}},"10":{"name":"(anonymous_10)","line":91,"loc":{"start":{"line":91,"column":12},"end":{"line":91,"column":36}}},"11":{"name":"(anonymous_11)","line":115,"loc":{"start":{"line":115,"column":33},"end":{"line":115,"column":52}}},"12":{"name":"(anonymous_12)","line":133,"loc":{"start":{"line":133,"column":5},"end":{"line":133,"column":29}}},"13":{"name":"(anonymous_13)","line":145,"loc":{"start":{"line":145,"column":36},"end":{"line":145,"column":55}}},"14":{"name":"(anonymous_14)","line":156,"loc":{"start":{"line":156,"column":6},"end":{"line":156,"column":30}}},"15":{"name":"(anonymous_15)","line":181,"loc":{"start":{"line":181,"column":22},"end":{"line":181,"column":46}}},"16":{"name":"(anonymous_16)","line":193,"loc":{"start":{"line":193,"column":36},"end":{"line":193,"column":55}}},"17":{"name":"(anonymous_17)","line":199,"loc":{"start":{"line":199,"column":8},"end":{"line":199,"column":32}}}},"statementMap":{"1":{"start":{"line":1,"column":0},"end":{"line":1,"column":35}},"2":{"start":{"line":2,"column":0},"end":{"line":2,"column":37}},"3":{"start":{"line":4,"column":0},"end":{"line":7,"column":2}},"4":{"start":{"line":5,"column":2},"end":{"line":5,"column":21}},"5":{"start":{"line":6,"column":2},"end":{"line":6,"column":20}},"6":{"start":{"line":9,"column":0},"end":{"line":24,"column":5}},"7":{"start":{"line":10,"column":2},"end":{"line":10,"column":25}},"8":{"start":{"line":12,"column":2},"end":{"line":14,"column":4}},"9":{"start":{"line":13,"column":4},"end":{"line":13,"column":42}},"10":{"start":{"line":16,"column":2},"end":{"line":18,"column":4}},"11":{"start":{"line":17,"column":4},"end":{"line":17,"column":46}},"12":{"start":{"line":20,"column":2},"end":{"line":23,"column":4}},"13":{"start":{"line":27,"column":0},"end":{"line":68,"column":2}},"14":{"start":{"line":28,"column":2},"end":{"line":28,"column":38}},"15":{"start":{"line":29,"column":2},"end":{"line":29,"column":38}},"16":{"start":{"line":30,"column":2},"end":{"line":30,"column":54}},"17":{"start":{"line":34,"column":2},"end":{"line":37,"column":4}},"18":{"start":{"line":39,"column":2},"end":{"line":43,"column":4}},"19":{"start":{"line":48,"column":2},"end":{"line":54,"column":3}},"20":{"start":{"line":49,"column":4},"end":{"line":49,"column":58}},"21":{"start":{"line":50,"column":4},"end":{"line":52,"column":7}},"22":{"start":{"line":53,"column":4},"end":{"line":53,"column":11}},"23":{"start":{"line":56,"column":2},"end":{"line":67,"column":5}},"24":{"start":{"line":57,"column":4},"end":{"line":57,"column":18}},"25":{"start":{"line":58,"column":4},"end":{"line":58,"column":40}},"26":{"start":{"line":59,"column":4},"end":{"line":59,"column":36}},"27":{"start":{"line":60,"column":4},"end":{"line":66,"column":5}},"28":{"start":{"line":61,"column":6},"end":{"line":61,"column":41}},"29":{"start":{"line":62,"column":6},"end":{"line":62,"column":38}},"30":{"start":{"line":64,"column":6},"end":{"line":64,"column":62}},"31":{"start":{"line":65,"column":6},"end":{"line":65,"column":44}},"32":{"start":{"line":70,"column":0},"end":{"line":83,"column":2}},"33":{"start":{"line":71,"column":2},"end":{"line":71,"column":21}},"34":{"start":{"line":72,"column":2},"end":{"line":81,"column":5}},"35":{"start":{"line":73,"column":4},"end":{"line":80,"column":7}},"36":{"start":{"line":82,"column":2},"end":{"line":82,"column":19}},"37":{"start":{"line":86,"column":0},"end":{"line":111,"column":2}},"38":{"start":{"line":87,"column":2},"end":{"line":87,"column":54}},"39":{"start":{"line":88,"column":2},"end":{"line":110,"column":3}},"40":{"start":{"line":89,"column":4},"end":{"line":104,"column":9}},"41":{"start":{"line":92,"column":8},"end":{"line":101,"column":9}},"42":{"start":{"line":93,"column":10},"end":{"line":95,"column":13}},"43":{"start":{"line":96,"column":10},"end":{"line":96,"column":17}},"44":{"start":{"line":97,"column":15},"end":{"line":101,"column":9}},"45":{"start":{"line":98,"column":10},"end":{"line":98,"column":27}},"46":{"start":{"line":99,"column":10},"end":{"line":99,"column":42}},"47":{"start":{"line":100,"column":10},"end":{"line":100,"column":17}},"48":{"start":{"line":102,"column":8},"end":{"line":102,"column":30}},"49":{"start":{"line":103,"column":8},"end":{"line":103,"column":45}},"50":{"start":{"line":106,"column":4},"end":{"line":106,"column":43}},"51":{"start":{"line":107,"column":4},"end":{"line":109,"column":7}},"52":{"start":{"line":115,"column":0},"end":{"line":142,"column":2}},"53":{"start":{"line":116,"column":2},"end":{"line":116,"column":24}},"54":{"start":{"line":117,"column":2},"end":{"line":141,"column":5}},"55":{"start":{"line":134,"column":4},"end":{"line":140,"column":5}},"56":{"start":{"line":135,"column":6},"end":{"line":135,"column":23}},"57":{"start":{"line":136,"column":6},"end":{"line":136,"column":38}},"58":{"start":{"line":138,"column":6},"end":{"line":138,"column":28}},"59":{"start":{"line":139,"column":6},"end":{"line":139,"column":43}},"60":{"start":{"line":145,"column":0},"end":{"line":190,"column":2}},"61":{"start":{"line":146,"column":2},"end":{"line":151,"column":3}},"62":{"start":{"line":147,"column":4},"end":{"line":149,"column":7}},"63":{"start":{"line":150,"column":4},"end":{"line":150,"column":11}},"64":{"start":{"line":152,"column":2},"end":{"line":189,"column":4}},"65":{"start":{"line":157,"column":8},"end":{"line":165,"column":9}},"66":{"start":{"line":158,"column":10},"end":{"line":160,"column":13}},"67":{"start":{"line":161,"column":10},"end":{"line":161,"column":17}},"68":{"start":{"line":162,"column":15},"end":{"line":165,"column":9}},"69":{"start":{"line":163,"column":10},"end":{"line":163,"column":42}},"70":{"start":{"line":164,"column":10},"end":{"line":164,"column":17}},"71":{"start":{"line":166,"column":8},"end":{"line":166,"column":38}},"72":{"start":{"line":167,"column":8},"end":{"line":167,"column":44}},"73":{"start":{"line":168,"column":8},"end":{"line":168,"column":61}},"74":{"start":{"line":169,"column":8},"end":{"line":169,"column":79}},"75":{"start":{"line":170,"column":8},"end":{"line":180,"column":11}},"76":{"start":{"line":181,"column":8},"end":{"line":187,"column":11}},"77":{"start":{"line":182,"column":10},"end":{"line":186,"column":11}},"78":{"start":{"line":183,"column":12},"end":{"line":183,"column":44}},"79":{"start":{"line":185,"column":12},"end":{"line":185,"column":49}},"80":{"start":{"line":193,"column":0},"end":{"line":214,"column":2}},"81":{"start":{"line":194,"column":2},"end":{"line":194,"column":41}},"82":{"start":{"line":195,"column":2},"end":{"line":213,"column":3}},"83":{"start":{"line":196,"column":4},"end":{"line":208,"column":6}},"84":{"start":{"line":200,"column":10},"end":{"line":204,"column":11}},"85":{"start":{"line":201,"column":12},"end":{"line":201,"column":29}},"86":{"start":{"line":202,"column":12},"end":{"line":202,"column":44}},"87":{"start":{"line":203,"column":12},"end":{"line":203,"column":19}},"88":{"start":{"line":205,"column":10},"end":{"line":205,"column":64}},"89":{"start":{"line":206,"column":10},"end":{"line":206,"column":43}},"90":{"start":{"line":210,"column":4},"end":{"line":212,"column":7}}},"branchMap":{"1":{"line":48,"type":"if","locations":[{"start":{"line":48,"column":2},"end":{"line":48,"column":2}},{"start":{"line":48,"column":2},"end":{"line":48,"column":2}}]},"2":{"line":48,"type":"binary-expr","locations":[{"start":{"line":48,"column":7},"end":{"line":48,"column":11}},{"start":{"line":48,"column":15},"end":{"line":48,"column":22}},{"start":{"line":48,"column":28},"end":{"line":48,"column":32}},{"start":{"line":48,"column":36},"end":{"line":48,"column":43}},{"start":{"line":48,"column":48},"end":{"line":48,"column":61}}]},"3":{"line":60,"type":"if","locations":[{"start":{"line":60,"column":4},"end":{"line":60,"column":4}},{"start":{"line":60,"column":4},"end":{"line":60,"column":4}}]},"4":{"line":88,"type":"if","locations":[{"start":{"line":88,"column":2},"end":{"line":88,"column":2}},{"start":{"line":88,"column":2},"end":{"line":88,"column":2}}]},"5":{"line":88,"type":"binary-expr","locations":[{"start":{"line":88,"column":6},"end":{"line":88,"column":16}},{"start":{"line":88,"column":20},"end":{"line":88,"column":41}}]},"6":{"line":92,"type":"if","locations":[{"start":{"line":92,"column":8},"end":{"line":92,"column":8}},{"start":{"line":92,"column":8},"end":{"line":92,"column":8}}]},"7":{"line":97,"type":"if","locations":[{"start":{"line":97,"column":15},"end":{"line":97,"column":15}},{"start":{"line":97,"column":15},"end":{"line":97,"column":15}}]},"8":{"line":134,"type":"if","locations":[{"start":{"line":134,"column":4},"end":{"line":134,"column":4}},{"start":{"line":134,"column":4},"end":{"line":134,"column":4}}]},"9":{"line":146,"type":"if","locations":[{"start":{"line":146,"column":2},"end":{"line":146,"column":2}},{"start":{"line":146,"column":2},"end":{"line":146,"column":2}}]},"10":{"line":157,"type":"if","locations":[{"start":{"line":157,"column":8},"end":{"line":157,"column":8}},{"start":{"line":157,"column":8},"end":{"line":157,"column":8}}]},"11":{"line":162,"type":"if","locations":[{"start":{"line":162,"column":15},"end":{"line":162,"column":15}},{"start":{"line":162,"column":15},"end":{"line":162,"column":15}}]},"12":{"line":182,"type":"if","locations":[{"start":{"line":182,"column":10},"end":{"line":182,"column":10}},{"start":{"line":182,"column":10},"end":{"line":182,"column":10}}]},"13":{"line":195,"type":"if","locations":[{"start":{"line":195,"column":2},"end":{"line":195,"column":2}},{"start":{"line":195,"column":2},"end":{"line":195,"column":2}}]},"14":{"line":200,"type":"if","locations":[{"start":{"line":200,"column":10},"end":{"line":200,"column":10}},{"start":{"line":200,"column":10},"end":{"line":200,"column":10}}]}}},"/var/www/js/nodejs/books/GettinMEANWithMongoExpressAngularAndNode/getting-MEAN/app_api/controllers/reviews.js":{"path":"/var/www/js/nodejs/books/GettinMEANWithMongoExpressAngularAndNode/getting-MEAN/app_api/controllers/reviews.js","s":{"1":1,"2":1,"3":1,"4":1,"5":0,"6":0,"7":1,"8":0,"9":0,"10":0,"11":0,"12":0,"13":0,"14":0,"15":0,"16":1,"17":0,"18":0,"19":0,"20":0,"21":0,"22":0,"23":0,"24":0,"25":0,"26":0,"27":0,"28":0,"29":0,"30":0,"31":1,"32":0,"33":0,"34":0,"35":0,"36":0,"37":0,"38":0,"39":0,"40":0,"41":0,"42":1,"43":0,"44":0,"45":0,"46":0,"47":1,"48":0,"49":0,"50":0,"51":0,"52":0,"53":0,"54":0,"55":0,"56":0,"57":0,"58":0,"59":0,"60":1,"61":0,"62":0,"63":0,"64":0,"65":0,"66":0,"67":0,"68":0,"69":0,"70":0,"71":0,"72":0,"73":0,"74":0,"75":0,"76":0,"77":0,"78":0,"79":0,"80":0,"81":0,"82":0,"83":0,"84":0,"85":1,"86":0,"87":0,"88":0,"89":0,"90":0,"91":0,"92":0,"93":0,"94":0,"95":0,"96":0,"97":0,"98":0,"99":0,"100":0,"101":0,"102":0,"103":0,"104":0,"105":1,"106":0,"107":0,"108":0,"109":0,"110":0,"111":0,"112":0,"113":0,"114":0,"115":0,"116":0,"117":0,"118":0,"119":0,"120":0,"121":0,"122":0,"123":0,"124":0,"125":0},"b":{"1":[0,0],"2":[0,0],"3":[0,0],"4":[0,0],"5":[0,0],"6":[0,0],"7":[0,0],"8":[0,0],"9":[0,0],"10":[0,0],"11":[0,0],"12":[0,0],"13":[0,0],"14":[0,0],"15":[0,0],"16":[0,0],"17":[0,0],"18":[0,0],"19":[0,0],"20":[0,0],"21":[0,0,0],"22":[0,0],"23":[0,0],"24":[0,0],"25":[0,0],"26":[0,0],"27":[0,0],"28":[0,0],"29":[0,0],"30":[0,0],"31":[0,0],"32":[0,0],"33":[0,0],"34":[0,0]},"f":{"1":0,"2":0,"3":0,"4":0,"5":0,"6":0,"7":0,"8":0,"9":0,"10":0,"11":0,"12":0,"13":0,"14":0,"15":0,"16":0,"17":0,"18":0,"19":0,"20":0},"fnMap":{"1":{"name":"(anonymous_1)","line":5,"loc":{"start":{"line":5,"column":23},"end":{"line":5,"column":54}}},"2":{"name":"(anonymous_2)","line":12,"loc":{"start":{"line":12,"column":31},"end":{"line":12,"column":50}}},"3":{"name":"(anonymous_3)","line":14,"loc":{"start":{"line":14,"column":22},"end":{"line":14,"column":52}}},"4":{"name":"(anonymous_4)","line":20,"loc":{"start":{"line":20,"column":10},"end":{"line":20,"column":34}}},"5":{"name":"(anonymous_5)","line":36,"loc":{"start":{"line":36,"column":16},"end":{"line":36,"column":45}}},"6":{"name":"(anonymous_6)","line":41,"loc":{"start":{"line":41,"column":12},"end":{"line":41,"column":32}}},"7":{"name":"(anonymous_7)","line":65,"loc":{"start":{"line":65,"column":18},"end":{"line":65,"column":55}}},"8":{"name":"(anonymous_8)","line":74,"loc":{"start":{"line":74,"column":18},"end":{"line":74,"column":42}}},"9":{"name":"(anonymous_9)","line":87,"loc":{"start":{"line":87,"column":26},"end":{"line":87,"column":47}}},"10":{"name":"(anonymous_10)","line":93,"loc":{"start":{"line":93,"column":6},"end":{"line":93,"column":30}}},"11":{"name":"(anonymous_11)","line":100,"loc":{"start":{"line":100,"column":25},"end":{"line":100,"column":44}}},"12":{"name":"(anonymous_12)","line":110,"loc":{"start":{"line":110,"column":18},"end":{"line":110,"column":32}}},"13":{"name":"(anonymous_13)","line":120,"loc":{"start":{"line":120,"column":34},"end":{"line":120,"column":53}}},"14":{"name":"(anonymous_14)","line":131,"loc":{"start":{"line":131,"column":6},"end":{"line":131,"column":30}}},"15":{"name":"(anonymous_15)","line":152,"loc":{"start":{"line":152,"column":26},"end":{"line":152,"column":50}}},"16":{"name":"(anonymous_16)","line":170,"loc":{"start":{"line":170,"column":32},"end":{"line":170,"column":51}}},"17":{"name":"(anonymous_17)","line":177,"loc":{"start":{"line":177,"column":8},"end":{"line":177,"column":32}}},"18":{"name":"(anonymous_18)","line":220,"loc":{"start":{"line":220,"column":34},"end":{"line":220,"column":53}}},"19":{"name":"(anonymous_19)","line":231,"loc":{"start":{"line":231,"column":6},"end":{"line":231,"column":30}}},"20":{"name":"(anonymous_20)","line":248,"loc":{"start":{"line":248,"column":26},"end":{"line":248,"column":40}}}},"statementMap":{"1":{"start":{"line":1,"column":0},"end":{"line":1,"column":35}},"2":{"start":{"line":2,"column":0},"end":{"line":2,"column":37}},"3":{"start":{"line":3,"column":0},"end":{"line":3,"column":34}},"4":{"start":{"line":5,"column":0},"end":{"line":8,"column":2}},"5":{"start":{"line":6,"column":2},"end":{"line":6,"column":21}},"6":{"start":{"line":7,"column":2},"end":{"line":7,"column":20}},"7":{"start":{"line":12,"column":0},"end":{"line":34,"column":2}},"8":{"start":{"line":13,"column":2},"end":{"line":13,"column":27}},"9":{"start":{"line":14,"column":2},"end":{"line":33,"column":5}},"10":{"start":{"line":15,"column":4},"end":{"line":32,"column":5}},"11":{"start":{"line":16,"column":6},"end":{"line":27,"column":8}},"12":{"start":{"line":21,"column":12},"end":{"line":25,"column":13}},"13":{"start":{"line":22,"column":14},"end":{"line":22,"column":46}},"14":{"start":{"line":24,"column":14},"end":{"line":24,"column":56}},"15":{"start":{"line":29,"column":6},"end":{"line":31,"column":9}},"16":{"start":{"line":36,"column":0},"end":{"line":63,"column":2}},"17":{"start":{"line":37,"column":2},"end":{"line":37,"column":64}},"18":{"start":{"line":38,"column":2},"end":{"line":61,"column":3}},"19":{"start":{"line":39,"column":4},"end":{"line":54,"column":9}},"20":{"start":{"line":42,"column":8},"end":{"line":51,"column":9}},"21":{"start":{"line":43,"column":10},"end":{"line":45,"column":13}},"22":{"start":{"line":46,"column":10},"end":{"line":46,"column":17}},"23":{"start":{"line":47,"column":15},"end":{"line":51,"column":9}},"24":{"start":{"line":48,"column":10},"end":{"line":48,"column":27}},"25":{"start":{"line":49,"column":10},"end":{"line":49,"column":42}},"26":{"start":{"line":50,"column":10},"end":{"line":50,"column":17}},"27":{"start":{"line":52,"column":8},"end":{"line":52,"column":26}},"28":{"start":{"line":53,"column":8},"end":{"line":53,"column":38}},"29":{"start":{"line":57,"column":4},"end":{"line":59,"column":7}},"30":{"start":{"line":60,"column":4},"end":{"line":60,"column":11}},"31":{"start":{"line":65,"column":0},"end":{"line":85,"column":2}},"32":{"start":{"line":66,"column":2},"end":{"line":84,"column":3}},"33":{"start":{"line":67,"column":4},"end":{"line":67,"column":55}},"34":{"start":{"line":69,"column":4},"end":{"line":73,"column":7}},"35":{"start":{"line":74,"column":4},"end":{"line":83,"column":7}},"36":{"start":{"line":75,"column":6},"end":{"line":75,"column":21}},"37":{"start":{"line":76,"column":6},"end":{"line":82,"column":7}},"38":{"start":{"line":77,"column":8},"end":{"line":77,"column":40}},"39":{"start":{"line":79,"column":8},"end":{"line":79,"column":42}},"40":{"start":{"line":80,"column":8},"end":{"line":80,"column":67}},"41":{"start":{"line":81,"column":8},"end":{"line":81,"column":47}},"42":{"start":{"line":87,"column":0},"end":{"line":98,"column":2}},"43":{"start":{"line":88,"column":2},"end":{"line":88,"column":55}},"44":{"start":{"line":89,"column":2},"end":{"line":97,"column":9}},"45":{"start":{"line":94,"column":8},"end":{"line":96,"column":9}},"46":{"start":{"line":95,"column":10},"end":{"line":95,"column":39}},"47":{"start":{"line":100,"column":0},"end":{"line":118,"column":2}},"48":{"start":{"line":101,"column":2},"end":{"line":101,"column":49}},"49":{"start":{"line":102,"column":2},"end":{"line":117,"column":3}},"50":{"start":{"line":103,"column":4},"end":{"line":103,"column":42}},"51":{"start":{"line":104,"column":4},"end":{"line":104,"column":20}},"52":{"start":{"line":105,"column":4},"end":{"line":107,"column":5}},"53":{"start":{"line":106,"column":6},"end":{"line":106,"column":61}},"54":{"start":{"line":108,"column":4},"end":{"line":108,"column":60}},"55":{"start":{"line":109,"column":4},"end":{"line":109,"column":36}},"56":{"start":{"line":110,"column":4},"end":{"line":116,"column":7}},"57":{"start":{"line":111,"column":6},"end":{"line":115,"column":7}},"58":{"start":{"line":112,"column":8},"end":{"line":112,"column":25}},"59":{"start":{"line":114,"column":8},"end":{"line":114,"column":64}},"60":{"start":{"line":120,"column":0},"end":{"line":168,"column":2}},"61":{"start":{"line":121,"column":2},"end":{"line":126,"column":3}},"62":{"start":{"line":122,"column":4},"end":{"line":124,"column":7}},"63":{"start":{"line":125,"column":4},"end":{"line":125,"column":11}},"64":{"start":{"line":127,"column":2},"end":{"line":167,"column":4}},"65":{"start":{"line":132,"column":8},"end":{"line":132,"column":23}},"66":{"start":{"line":133,"column":8},"end":{"line":141,"column":9}},"67":{"start":{"line":134,"column":10},"end":{"line":136,"column":13}},"68":{"start":{"line":137,"column":10},"end":{"line":137,"column":17}},"69":{"start":{"line":138,"column":15},"end":{"line":141,"column":9}},"70":{"start":{"line":139,"column":10},"end":{"line":139,"column":42}},"71":{"start":{"line":140,"column":10},"end":{"line":140,"column":17}},"72":{"start":{"line":142,"column":8},"end":{"line":165,"column":9}},"73":{"start":{"line":143,"column":10},"end":{"line":143,"column":64}},"74":{"start":{"line":144,"column":10},"end":{"line":160,"column":11}},"75":{"start":{"line":145,"column":12},"end":{"line":147,"column":15}},"76":{"start":{"line":149,"column":12},"end":{"line":149,"column":48}},"77":{"start":{"line":150,"column":12},"end":{"line":150,"column":48}},"78":{"start":{"line":151,"column":12},"end":{"line":151,"column":56}},"79":{"start":{"line":152,"column":12},"end":{"line":159,"column":15}},"80":{"start":{"line":153,"column":14},"end":{"line":158,"column":15}},"81":{"start":{"line":154,"column":16},"end":{"line":154,"column":48}},"82":{"start":{"line":156,"column":16},"end":{"line":156,"column":50}},"83":{"start":{"line":157,"column":16},"end":{"line":157,"column":55}},"84":{"start":{"line":162,"column":10},"end":{"line":164,"column":13}},"85":{"start":{"line":170,"column":0},"end":{"line":217,"column":2}},"86":{"start":{"line":171,"column":2},"end":{"line":171,"column":39}},"87":{"start":{"line":172,"column":2},"end":{"line":216,"column":3}},"88":{"start":{"line":173,"column":4},"end":{"line":211,"column":6}},"89":{"start":{"line":178,"column":10},"end":{"line":178,"column":32}},"90":{"start":{"line":179,"column":10},"end":{"line":179,"column":31}},"91":{"start":{"line":180,"column":10},"end":{"line":188,"column":11}},"92":{"start":{"line":181,"column":12},"end":{"line":183,"column":15}},"93":{"start":{"line":184,"column":12},"end":{"line":184,"column":19}},"94":{"start":{"line":185,"column":17},"end":{"line":188,"column":11}},"95":{"start":{"line":186,"column":12},"end":{"line":186,"column":44}},"96":{"start":{"line":187,"column":12},"end":{"line":187,"column":19}},"97":{"start":{"line":189,"column":10},"end":{"line":209,"column":11}},"98":{"start":{"line":190,"column":12},"end":{"line":190,"column":62}},"99":{"start":{"line":191,"column":12},"end":{"line":204,"column":13}},"100":{"start":{"line":192,"column":14},"end":{"line":194,"column":17}},"101":{"start":{"line":196,"column":14},"end":{"line":202,"column":16}},"102":{"start":{"line":203,"column":14},"end":{"line":203,"column":51}},"103":{"start":{"line":206,"column":12},"end":{"line":208,"column":15}},"104":{"start":{"line":213,"column":4},"end":{"line":215,"column":7}},"105":{"start":{"line":220,"column":0},"end":{"line":264,"column":2}},"106":{"start":{"line":221,"column":2},"end":{"line":226,"column":3}},"107":{"start":{"line":222,"column":4},"end":{"line":224,"column":7}},"108":{"start":{"line":225,"column":4},"end":{"line":225,"column":11}},"109":{"start":{"line":227,"column":2},"end":{"line":263,"column":4}},"110":{"start":{"line":232,"column":8},"end":{"line":240,"column":9}},"111":{"start":{"line":233,"column":10},"end":{"line":235,"column":13}},"112":{"start":{"line":236,"column":10},"end":{"line":236,"column":17}},"113":{"start":{"line":237,"column":15},"end":{"line":240,"column":9}},"114":{"start":{"line":238,"column":10},"end":{"line":238,"column":42}},"115":{"start":{"line":239,"column":10},"end":{"line":239,"column":17}},"116":{"start":{"line":241,"column":8},"end":{"line":261,"column":9}},"117":{"start":{"line":242,"column":10},"end":{"line":256,"column":11}},"118":{"start":{"line":243,"column":12},"end":{"line":245,"column":15}},"119":{"start":{"line":247,"column":12},"end":{"line":247,"column":62}},"120":{"start":{"line":248,"column":12},"end":{"line":255,"column":15}},"121":{"start":{"line":249,"column":14},"end":{"line":254,"column":15}},"122":{"start":{"line":250,"column":16},"end":{"line":250,"column":48}},"123":{"start":{"line":252,"column":16},"end":{"line":252,"column":50}},"124":{"start":{"line":253,"column":16},"end":{"line":253,"column":49}},"125":{"start":{"line":258,"column":10},"end":{"line":260,"column":13}}},"branchMap":{"1":{"line":15,"type":"if","locations":[{"start":{"line":15,"column":4},"end":{"line":15,"column":4}},{"start":{"line":15,"column":4},"end":{"line":15,"column":4}}]},"2":{"line":21,"type":"if","locations":[{"start":{"line":21,"column":12},"end":{"line":21,"column":12}},{"start":{"line":21,"column":12},"end":{"line":21,"column":12}}]},"3":{"line":38,"type":"if","locations":[{"start":{"line":38,"column":2},"end":{"line":38,"column":2}},{"start":{"line":38,"column":2},"end":{"line":38,"column":2}}]},"4":{"line":42,"type":"if","locations":[{"start":{"line":42,"column":8},"end":{"line":42,"column":8}},{"start":{"line":42,"column":8},"end":{"line":42,"column":8}}]},"5":{"line":47,"type":"if","locations":[{"start":{"line":47,"column":15},"end":{"line":47,"column":15}},{"start":{"line":47,"column":15},"end":{"line":47,"column":15}}]},"6":{"line":66,"type":"if","locations":[{"start":{"line":66,"column":2},"end":{"line":66,"column":2}},{"start":{"line":66,"column":2},"end":{"line":66,"column":2}}]},"7":{"line":76,"type":"if","locations":[{"start":{"line":76,"column":6},"end":{"line":76,"column":6}},{"start":{"line":76,"column":6},"end":{"line":76,"column":6}}]},"8":{"line":94,"type":"if","locations":[{"start":{"line":94,"column":8},"end":{"line":94,"column":8}},{"start":{"line":94,"column":8},"end":{"line":94,"column":8}}]},"9":{"line":102,"type":"if","locations":[{"start":{"line":102,"column":2},"end":{"line":102,"column":2}},{"start":{"line":102,"column":2},"end":{"line":102,"column":2}}]},"10":{"line":102,"type":"binary-expr","locations":[{"start":{"line":102,"column":6},"end":{"line":102,"column":22}},{"start":{"line":102,"column":26},"end":{"line":102,"column":53}}]},"11":{"line":111,"type":"if","locations":[{"start":{"line":111,"column":6},"end":{"line":111,"column":6}},{"start":{"line":111,"column":6},"end":{"line":111,"column":6}}]},"12":{"line":121,"type":"if","locations":[{"start":{"line":121,"column":2},"end":{"line":121,"column":2}},{"start":{"line":121,"column":2},"end":{"line":121,"column":2}}]},"13":{"line":121,"type":"binary-expr","locations":[{"start":{"line":121,"column":6},"end":{"line":121,"column":28}},{"start":{"line":121,"column":32},"end":{"line":121,"column":52}}]},"14":{"line":133,"type":"if","locations":[{"start":{"line":133,"column":8},"end":{"line":133,"column":8}},{"start":{"line":133,"column":8},"end":{"line":133,"column":8}}]},"15":{"line":138,"type":"if","locations":[{"start":{"line":138,"column":15},"end":{"line":138,"column":15}},{"start":{"line":138,"column":15},"end":{"line":138,"column":15}}]},"16":{"line":142,"type":"if","locations":[{"start":{"line":142,"column":8},"end":{"line":142,"column":8}},{"start":{"line":142,"column":8},"end":{"line":142,"column":8}}]},"17":{"line":142,"type":"binary-expr","locations":[{"start":{"line":142,"column":12},"end":{"line":142,"column":28}},{"start":{"line":142,"column":32},"end":{"line":142,"column":59}}]},"18":{"line":144,"type":"if","locations":[{"start":{"line":144,"column":10},"end":{"line":144,"column":10}},{"start":{"line":144,"column":10},"end":{"line":144,"column":10}}]},"19":{"line":153,"type":"if","locations":[{"start":{"line":153,"column":14},"end":{"line":153,"column":14}},{"start":{"line":153,"column":14},"end":{"line":153,"column":14}}]},"20":{"line":172,"type":"if","locations":[{"start":{"line":172,"column":2},"end":{"line":172,"column":2}},{"start":{"line":172,"column":2},"end":{"line":172,"column":2}}]},"21":{"line":172,"type":"binary-expr","locations":[{"start":{"line":172,"column":6},"end":{"line":172,"column":16}},{"start":{"line":172,"column":20},"end":{"line":172,"column":41}},{"start":{"line":172,"column":45},"end":{"line":172,"column":64}}]},"22":{"line":180,"type":"if","locations":[{"start":{"line":180,"column":10},"end":{"line":180,"column":10}},{"start":{"line":180,"column":10},"end":{"line":180,"column":10}}]},"23":{"line":185,"type":"if","locations":[{"start":{"line":185,"column":17},"end":{"line":185,"column":17}},{"start":{"line":185,"column":17},"end":{"line":185,"column":17}}]},"24":{"line":189,"type":"if","locations":[{"start":{"line":189,"column":10},"end":{"line":189,"column":10}},{"start":{"line":189,"column":10},"end":{"line":189,"column":10}}]},"25":{"line":189,"type":"binary-expr","locations":[{"start":{"line":189,"column":14},"end":{"line":189,"column":30}},{"start":{"line":189,"column":34},"end":{"line":189,"column":61}}]},"26":{"line":191,"type":"if","locations":[{"start":{"line":191,"column":12},"end":{"line":191,"column":12}},{"start":{"line":191,"column":12},"end":{"line":191,"column":12}}]},"27":{"line":221,"type":"if","locations":[{"start":{"line":221,"column":2},"end":{"line":221,"column":2}},{"start":{"line":221,"column":2},"end":{"line":221,"column":2}}]},"28":{"line":221,"type":"binary-expr","locations":[{"start":{"line":221,"column":6},"end":{"line":221,"column":28}},{"start":{"line":221,"column":32},"end":{"line":221,"column":52}}]},"29":{"line":232,"type":"if","locations":[{"start":{"line":232,"column":8},"end":{"line":232,"column":8}},{"start":{"line":232,"column":8},"end":{"line":232,"column":8}}]},"30":{"line":237,"type":"if","locations":[{"start":{"line":237,"column":15},"end":{"line":237,"column":15}},{"start":{"line":237,"column":15},"end":{"line":237,"column":15}}]},"31":{"line":241,"type":"if","locations":[{"start":{"line":241,"column":8},"end":{"line":241,"column":8}},{"start":{"line":241,"column":8},"end":{"line":241,"column":8}}]},"32":{"line":241,"type":"binary-expr","locations":[{"start":{"line":241,"column":12},"end":{"line":241,"column":28}},{"start":{"line":241,"column":32},"end":{"line":241,"column":59}}]},"33":{"line":242,"type":"if","locations":[{"start":{"line":242,"column":10},"end":{"line":242,"column":10}},{"start":{"line":242,"column":10},"end":{"line":242,"column":10}}]},"34":{"line":249,"type":"if","locations":[{"start":{"line":249,"column":14},"end":{"line":249,"column":14}},{"start":{"line":249,"column":14},"end":{"line":249,"column":14}}]}}},"/var/www/js/nodejs/books/GettinMEANWithMongoExpressAngularAndNode/getting-MEAN/app_api/controllers/authentication.js":{"path":"/var/www/js/nodejs/books/GettinMEANWithMongoExpressAngularAndNode/getting-MEAN/app_api/controllers/authentication.js","s":{"1":1,"2":1,"3":1,"4":1,"5":0,"6":0,"7":1,"8":0,"9":0,"10":0,"11":0,"12":0,"13":0,"14":0,"15":0,"16":0,"17":0,"18":0,"19":0,"20":0,"21":1,"22":0,"23":0,"24":0,"25":0,"26":0,"27":0,"28":0,"29":0,"30":0,"31":0,"32":0,"33":0},"b":{"1":[0,0],"2":[0,0,0],"3":[0,0],"4":[0,0],"5":[0,0],"6":[0,0],"7":[0,0]},"f":{"1":0,"2":0,"3":0,"4":0,"5":0},"fnMap":{"1":{"name":"(anonymous_1)","line":5,"loc":{"start":{"line":5,"column":23},"end":{"line":5,"column":54}}},"2":{"name":"(anonymous_2)","line":10,"loc":{"start":{"line":10,"column":26},"end":{"line":10,"column":45}}},"3":{"name":"(anonymous_3)","line":25,"loc":{"start":{"line":25,"column":12},"end":{"line":25,"column":26}}},"4":{"name":"(anonymous_4)","line":39,"loc":{"start":{"line":39,"column":23},"end":{"line":39,"column":42}}},"5":{"name":"(anonymous_5)","line":47,"loc":{"start":{"line":47,"column":33},"end":{"line":47,"column":58}}}},"statementMap":{"1":{"start":{"line":1,"column":0},"end":{"line":1,"column":35}},"2":{"start":{"line":2,"column":0},"end":{"line":2,"column":35}},"3":{"start":{"line":3,"column":0},"end":{"line":3,"column":34}},"4":{"start":{"line":5,"column":0},"end":{"line":8,"column":2}},"5":{"start":{"line":6,"column":2},"end":{"line":6,"column":21}},"6":{"start":{"line":7,"column":2},"end":{"line":7,"column":20}},"7":{"start":{"line":10,"column":0},"end":{"line":37,"column":2}},"8":{"start":{"line":11,"column":2},"end":{"line":16,"column":3}},"9":{"start":{"line":12,"column":4},"end":{"line":14,"column":7}},"10":{"start":{"line":15,"column":4},"end":{"line":15,"column":11}},"11":{"start":{"line":18,"column":2},"end":{"line":18,"column":24}},"12":{"start":{"line":20,"column":2},"end":{"line":20,"column":28}},"13":{"start":{"line":21,"column":2},"end":{"line":21,"column":30}},"14":{"start":{"line":23,"column":2},"end":{"line":23,"column":38}},"15":{"start":{"line":25,"column":2},"end":{"line":35,"column":5}},"16":{"start":{"line":26,"column":4},"end":{"line":26,"column":14}},"17":{"start":{"line":27,"column":4},"end":{"line":34,"column":5}},"18":{"start":{"line":28,"column":6},"end":{"line":28,"column":38}},"19":{"start":{"line":30,"column":6},"end":{"line":30,"column":33}},"20":{"start":{"line":31,"column":6},"end":{"line":33,"column":9}},"21":{"start":{"line":39,"column":0},"end":{"line":65,"column":2}},"22":{"start":{"line":40,"column":2},"end":{"line":45,"column":3}},"23":{"start":{"line":41,"column":4},"end":{"line":43,"column":7}},"24":{"start":{"line":44,"column":4},"end":{"line":44,"column":11}},"25":{"start":{"line":47,"column":2},"end":{"line":63,"column":15}},"26":{"start":{"line":48,"column":4},"end":{"line":48,"column":14}},"27":{"start":{"line":50,"column":4},"end":{"line":53,"column":5}},"28":{"start":{"line":51,"column":6},"end":{"line":51,"column":38}},"29":{"start":{"line":52,"column":6},"end":{"line":52,"column":13}},"30":{"start":{"line":55,"column":4},"end":{"line":62,"column":5}},"31":{"start":{"line":56,"column":6},"end":{"line":56,"column":33}},"32":{"start":{"line":57,"column":6},"end":{"line":59,"column":9}},"33":{"start":{"line":61,"column":6},"end":{"line":61,"column":39}}},"branchMap":{"1":{"line":11,"type":"if","locations":[{"start":{"line":11,"column":2},"end":{"line":11,"column":2}},{"start":{"line":11,"column":2},"end":{"line":11,"column":2}}]},"2":{"line":11,"type":"binary-expr","locations":[{"start":{"line":11,"column":5},"end":{"line":11,"column":19}},{"start":{"line":11,"column":23},"end":{"line":11,"column":38}},{"start":{"line":11,"column":42},"end":{"line":11,"column":60}}]},"3":{"line":27,"type":"if","locations":[{"start":{"line":27,"column":4},"end":{"line":27,"column":4}},{"start":{"line":27,"column":4},"end":{"line":27,"column":4}}]},"4":{"line":40,"type":"if","locations":[{"start":{"line":40,"column":2},"end":{"line":40,"column":2}},{"start":{"line":40,"column":2},"end":{"line":40,"column":2}}]},"5":{"line":40,"type":"binary-expr","locations":[{"start":{"line":40,"column":5},"end":{"line":40,"column":20}},{"start":{"line":40,"column":24},"end":{"line":40,"column":42}}]},"6":{"line":50,"type":"if","locations":[{"start":{"line":50,"column":4},"end":{"line":50,"column":4}},{"start":{"line":50,"column":4},"end":{"line":50,"column":4}}]},"7":{"line":55,"type":"if","locations":[{"start":{"line":55,"column":4},"end":{"line":55,"column":4}},{"start":{"line":55,"column":4},"end":{"line":55,"column":4}}]}}}}