TN:
SF:/var/www/js/nodejs/books/GettinMEANWithMongoExpressAngularAndNode/getting-MEAN/app.js
FN:46,(anonymous_1)
FN:69,(anonymous_2)
FN:74,(anonymous_3)
FN:82,(anonymous_4)
FN:92,(anonymous_5)
FN:103,(anonymous_6)
FNF:6
FNH:1
FNDA:1,(anonymous_1)
FNDA:0,(anonymous_2)
FNDA:0,(anonymous_3)
FNDA:0,(anonymous_4)
FNDA:0,(anonymous_5)
FNDA:0,(anonymous_6)
DA:1,1
DA:2,1
DA:3,1
DA:4,1
DA:5,1
DA:6,1
DA:7,1
DA:8,1
DA:9,1
DA:10,1
DA:12,1
DA:13,1
DA:15,1
DA:16,1
DA:19,1
DA:22,1
DA:23,1
DA:25,1
DA:45,1
DA:46,1
DA:47,1
DA:48,0
DA:50,1
DA:55,1
DA:56,1
DA:57,1
DA:58,1
DA:59,1
DA:60,1
DA:61,1
DA:63,1
DA:66,1
DA:69,1
DA:70,0
DA:74,1
DA:75,0
DA:76,0
DA:77,0
DA:82,1
DA:83,0
DA:84,0
DA:85,0
DA:91,1
DA:92,1
DA:93,0
DA:94,0
DA:103,1
DA:104,0
DA:105,0
DA:112,1
LF:50
LH:38
BRDA:47,1,0,0
BRDA:47,1,1,1
BRDA:83,2,0,0
BRDA:83,2,1,0
BRDA:91,3,0,1
BRDA:91,3,1,0
BRDA:93,4,0,0
BRDA:93,4,1,0
BRDA:104,5,0,0
BRDA:104,5,1,0
BRF:10
BRH:2
end_of_record
TN:
SF:/var/www/js/nodejs/books/GettinMEANWithMongoExpressAngularAndNode/getting-MEAN/app_api/models/db.js
FN:11,(anonymous_1)
FN:14,(anonymous_2)
FN:17,(anonymous_3)
FN:23,(anonymous_4)
FN:24,(anonymous_5)
FN:30,(anonymous_6)
FN:31,(anonymous_7)
FN:36,(anonymous_8)
FN:37,(anonymous_9)
FN:42,(anonymous_10)
FN:43,(anonymous_11)
FNF:11
FNH:6
FNDA:1,(anonymous_1)
FNDA:0,(anonymous_2)
FNDA:1,(anonymous_3)
FNDA:1,(anonymous_4)
FNDA:1,(anonymous_5)
FNDA:0,(anonymous_6)
FNDA:0,(anonymous_7)
FNDA:1,(anonymous_8)
FNDA:1,(anonymous_9)
FNDA:0,(anonymous_10)
FNDA:0,(anonymous_11)
DA:1,1
DA:2,1
DA:3,1
DA:4,1
DA:5,0
DA:8,1
DA:11,1
DA:12,1
DA:14,1
DA:15,0
DA:17,1
DA:18,1
DA:23,1
DA:24,1
DA:25,1
DA:26,1
DA:30,1
DA:31,0
DA:32,0
DA:36,1
DA:37,1
DA:38,1
DA:42,1
DA:43,0
DA:44,0
DA:49,1
DA:50,1
LF:27
LH:21
BRDA:4,1,0,0
BRDA:4,1,1,1
BRF:2
BRH:1
end_of_record
TN:
SF:/var/www/js/nodejs/books/GettinMEANWithMongoExpressAngularAndNode/getting-MEAN/app_api/models/locations.js
FNF:0
FNH:0
DA:1,1
DA:3,1
DA:18,1
DA:31,1
DA:53,1
LF:5
LH:5
BRF:0
BRH:0
end_of_record
TN:
SF:/var/www/js/nodejs/books/GettinMEANWithMongoExpressAngularAndNode/getting-MEAN/app_api/models/users.js
FN:19,(anonymous_1)
FN:24,(anonymous_2)
FN:29,(anonymous_3)
FNF:3
FNH:0
FNDA:0,(anonymous_1)
FNDA:0,(anonymous_2)
FNDA:0,(anonymous_3)
DA:1,1
DA:2,1
DA:3,1
DA:5,1
DA:19,1
DA:20,0
DA:21,0
DA:24,1
DA:25,0
DA:26,0
DA:29,1
DA:30,0
DA:31,0
DA:33,0
DA:41,1
LF:15
LH:8
BRF:0
BRH:0
end_of_record
TN:
SF:/var/www/js/nodejs/books/GettinMEANWithMongoExpressAngularAndNode/getting-MEAN/app_api/config/passport.js
FN:9,(anonymous_1)
FN:10,(anonymous_2)
FNF:2
FNH:0
FNDA:0,(anonymous_1)
FNDA:0,(anonymous_2)
DA:1,1
DA:2,1
DA:3,1
DA:4,1
DA:6,1
DA:10,0
DA:11,0
DA:12,0
DA:13,0
DA:17,0
DA:18,0
DA:22,0
LF:12
LH:5
BRDA:11,1,0,0
BRDA:11,1,1,0
BRDA:12,2,0,0
BRDA:12,2,1,0
BRDA:17,3,0,0
BRDA:17,3,1,0
BRF:6
BRH:0
end_of_record
TN:
SF:/var/www/js/nodejs/books/GettinMEANWithMongoExpressAngularAndNode/getting-MEAN/app_server/routes/index.js
FNF:0
FNH:0
DA:1,1
DA:2,1
DA:3,1
DA:4,1
DA:7,1
DA:9,1
DA:10,1
DA:11,1
DA:16,1
LF:9
LH:9
BRF:0
BRH:0
end_of_record
TN:
SF:/var/www/js/nodejs/books/GettinMEANWithMongoExpressAngularAndNode/getting-MEAN/app_server/controllers/locations.js
FN:9,(anonymous_1)
FN:13,(anonymous_2)
FN:29,(anonymous_3)
FN:48,(anonymous_4)
FN:60,(anonymous_5)
FN:64,(anonymous_6)
FN:74,(anonymous_7)
FN:89,(anonymous_8)
FN:102,(anonymous_9)
FN:103,(anonymous_10)
FN:108,(anonymous_11)
FN:120,(anonymous_12)
FN:121,(anonymous_13)
FN:127,(anonymous_14)
FN:150,(anonymous_15)
FNF:15
FNH:0
FNDA:0,(anonymous_1)
FNDA:0,(anonymous_2)
FNDA:0,(anonymous_3)
FNDA:0,(anonymous_4)
FNDA:0,(anonymous_5)
FNDA:0,(anonymous_6)
FNDA:0,(anonymous_7)
FNDA:0,(anonymous_8)
FNDA:0,(anonymous_9)
FNDA:0,(anonymous_10)
FNDA:0,(anonymous_11)
FNDA:0,(anonymous_12)
FNDA:0,(anonymous_13)
FNDA:0,(anonymous_14)
FNDA:0,(anonymous_15)
DA:1,1
DA:2,1
DA:5,1
DA:6,0
DA:9,1
DA:10,0
DA:13,1
DA:14,0
DA:15,0
DA:16,0
DA:17,0
DA:18,0
DA:20,0
DA:21,0
DA:23,0
DA:25,0
DA:29,1
DA:30,0
DA:31,0
DA:32,0
DA:33,0
DA:34,0
DA:35,0
DA:36,0
DA:38,0
DA:39,0
DA:41,0
DA:42,0
DA:48,1
DA:49,0
DA:60,1
DA:61,0
DA:64,1
DA:65,0
DA:66,0
DA:67,0
DA:72,0
DA:75,0
DA:76,0
DA:77,0
DA:81,0
DA:83,0
DA:89,1
DA:90,0
DA:102,1
DA:103,0
DA:104,0
DA:108,1
DA:110,0
DA:120,1
DA:121,0
DA:122,0
DA:127,1
DA:128,0
DA:129,0
DA:130,0
DA:131,0
DA:139,0
DA:145,0
DA:146,0
DA:148,0
DA:151,0
DA:152,0
DA:153,0
DA:154,0
DA:157,0
LF:66
LH:14
BRDA:5,1,0,0
BRDA:5,1,1,1
BRDA:10,2,0,0
BRDA:10,2,1,0
BRDA:15,3,0,0
BRDA:15,3,1,0
BRDA:15,4,0,0
BRDA:15,4,1,0
BRDA:16,5,0,0
BRDA:16,5,1,0
BRDA:31,6,0,0
BRDA:31,6,1,0
BRDA:34,7,0,0
BRDA:34,7,1,0
BRDA:76,8,0,0
BRDA:76,8,1,0
BRDA:145,9,0,0
BRDA:145,9,1,0
BRDA:145,10,0,0
BRDA:145,10,1,0
BRDA:145,10,2,0
BRDA:151,11,0,0
BRDA:151,11,1,0
BRDA:153,12,0,0
BRDA:153,12,1,0
BRDA:153,13,0,0
BRDA:153,13,1,0
BRDA:153,13,2,0
BRF:28
BRH:1
end_of_record
TN:
SF:/var/www/js/nodejs/books/GettinMEANWithMongoExpressAngularAndNode/getting-MEAN/app_server/controllers/others.js
FN:2,(anonymous_1)
FN:9,(anonymous_2)
FNF:2
FNH:0
FNDA:0,(anonymous_1)
FNDA:0,(anonymous_2)
DA:2,1
DA:3,0
DA:9,1
DA:10,0
LF:4
LH:2
BRF:0
BRH:0
end_of_record
TN:
SF:/var/www/js/nodejs/books/GettinMEANWithMongoExpressAngularAndNode/getting-MEAN/app_api/routes/index.js
FNF:0
FNH:0
DA:1,1
DA:2,1
DA:3,1
DA:4,1
DA:9,1
DA:10,1
DA:11,1
DA:13,1
DA:14,1
DA:15,1
DA:16,1
DA:17,1
DA:20,1
DA:21,1
DA:22,1
DA:23,1
DA:26,1
DA:27,1
DA:29,1
LF:19
LH:19
BRF:0
BRH:0
end_of_record
TN:
SF:/var/www/js/nodejs/books/GettinMEANWithMongoExpressAngularAndNode/getting-MEAN/app_api/controllers/locations.js
FN:4,(anonymous_1)
FN:9,(anonymous_2)
FN:12,(anonymous_3)
FN:16,(anonymous_4)
FN:27,(anonymous_5)
FN:56,(anonymous_6)
FN:70,(anonymous_7)
FN:72,(anonymous_8)
FN:86,(anonymous_9)
FN:91,(anonymous_10)
FN:115,(anonymous_11)
FN:133,(anonymous_12)
FN:145,(anonymous_13)
FN:156,(anonymous_14)
FN:181,(anonymous_15)
FN:193,(anonymous_16)
FN:199,(anonymous_17)
FNF:17
FNH:1
FNDA:0,(anonymous_1)
FNDA:1,(anonymous_2)
FNDA:0,(anonymous_3)
FNDA:0,(anonymous_4)
FNDA:0,(anonymous_5)
FNDA:0,(anonymous_6)
FNDA:0,(anonymous_7)
FNDA:0,(anonymous_8)
FNDA:0,(anonymous_9)
FNDA:0,(anonymous_10)
FNDA:0,(anonymous_11)
FNDA:0,(anonymous_12)
FNDA:0,(anonymous_13)
FNDA:0,(anonymous_14)
FNDA:0,(anonymous_15)
FNDA:0,(anonymous_16)
FNDA:0,(anonymous_17)
DA:1,1
DA:2,1
DA:4,1
DA:5,0
DA:6,0
DA:9,1
DA:10,1
DA:12,1
DA:13,0
DA:16,1
DA:17,0
DA:20,1
DA:27,1
DA:28,0
DA:29,0
DA:30,0
DA:34,0
DA:39,0
DA:48,0
DA:49,0
DA:50,0
DA:53,0
DA:56,0
DA:57,0
DA:58,0
DA:59,0
DA:60,0
DA:61,0
DA:62,0
DA:64,0
DA:65,0
DA:70,1
DA:71,0
DA:72,0
DA:73,0
DA:82,0
DA:86,1
DA:87,0
DA:88,0
DA:89,0
DA:92,0
DA:93,0
DA:96,0
DA:97,0
DA:98,0
DA:99,0
DA:100,0
DA:102,0
DA:103,0
DA:106,0
DA:107,0
DA:115,1
DA:116,0
DA:117,0
DA:134,0
DA:135,0
DA:136,0
DA:138,0
DA:139,0
DA:145,1
DA:146,0
DA:147,0
DA:150,0
DA:152,0
DA:157,0
DA:158,0
DA:161,0
DA:162,0
DA:163,0
DA:164,0
DA:166,0
DA:167,0
DA:168,0
DA:169,0
DA:170,0
DA:181,0
DA:182,0
DA:183,0
DA:185,0
DA:193,1
DA:194,0
DA:195,0
DA:196,0
DA:200,0
DA:201,0
DA:202,0
DA:203,0
DA:205,0
DA:206,0
DA:210,0
LF:90
LH:14
BRDA:48,1,0,0
BRDA:48,1,1,0
BRDA:48,2,0,0
BRDA:48,2,1,0
BRDA:48,2,2,0
BRDA:48,2,3,0
BRDA:48,2,4,0
BRDA:60,3,0,0
BRDA:60,3,1,0
BRDA:88,4,0,0
BRDA:88,4,1,0
BRDA:88,5,0,0
BRDA:88,5,1,0
BRDA:92,6,0,0
BRDA:92,6,1,0
BRDA:97,7,0,0
BRDA:97,7,1,0
BRDA:134,8,0,0
BRDA:134,8,1,0
BRDA:146,9,0,0
BRDA:146,9,1,0
BRDA:157,10,0,0
BRDA:157,10,1,0
BRDA:162,11,0,0
BRDA:162,11,1,0
BRDA:182,12,0,0
BRDA:182,12,1,0
BRDA:195,13,0,0
BRDA:195,13,1,0
BRDA:200,14,0,0
BRDA:200,14,1,0
BRF:31
BRH:0
end_of_record
TN:
SF:/var/www/js/nodejs/books/GettinMEANWithMongoExpressAngularAndNode/getting-MEAN/app_api/controllers/reviews.js
FN:5,(anonymous_1)
FN:12,(anonymous_2)
FN:14,(anonymous_3)
FN:20,(anonymous_4)
FN:36,(anonymous_5)
FN:41,(anonymous_6)
FN:65,(anonymous_7)
FN:74,(anonymous_8)
FN:87,(anonymous_9)
FN:93,(anonymous_10)
FN:100,(anonymous_11)
FN:110,(anonymous_12)
FN:120,(anonymous_13)
FN:131,(anonymous_14)
FN:152,(anonymous_15)
FN:170,(anonymous_16)
FN:177,(anonymous_17)
FN:220,(anonymous_18)
FN:231,(anonymous_19)
FN:248,(anonymous_20)
FNF:20
FNH:0
FNDA:0,(anonymous_1)
FNDA:0,(anonymous_2)
FNDA:0,(anonymous_3)
FNDA:0,(anonymous_4)
FNDA:0,(anonymous_5)
FNDA:0,(anonymous_6)
FNDA:0,(anonymous_7)
FNDA:0,(anonymous_8)
FNDA:0,(anonymous_9)
FNDA:0,(anonymous_10)
FNDA:0,(anonymous_11)
FNDA:0,(anonymous_12)
FNDA:0,(anonymous_13)
FNDA:0,(anonymous_14)
FNDA:0,(anonymous_15)
FNDA:0,(anonymous_16)
FNDA:0,(anonymous_17)
FNDA:0,(anonymous_18)
FNDA:0,(anonymous_19)
FNDA:0,(anonymous_20)
DA:1,1
DA:2,1
DA:3,1
DA:5,1
DA:6,0
DA:7,0
DA:12,1
DA:13,0
DA:14,0
DA:15,0
DA:16,0
DA:21,0
DA:22,0
DA:24,0
DA:29,0
DA:36,1
DA:37,0
DA:38,0
DA:39,0
DA:42,0
DA:43,0
DA:46,0
DA:47,0
DA:48,0
DA:49,0
DA:50,0
DA:52,0
DA:53,0
DA:57,0
DA:60,0
DA:65,1
DA:66,0
DA:67,0
DA:69,0
DA:74,0
DA:75,0
DA:76,0
DA:77,0
DA:79,0
DA:80,0
DA:81,0
DA:87,1
DA:88,0
DA:89,0
DA:94,0
DA:95,0
DA:100,1
DA:101,0
DA:102,0
DA:103,0
DA:104,0
DA:105,0
DA:106,0
DA:108,0
DA:109,0
DA:110,0
DA:111,0
DA:112,0
DA:114,0
DA:120,1
DA:121,0
DA:122,0
DA:125,0
DA:127,0
DA:132,0
DA:133,0
DA:134,0
DA:137,0
DA:138,0
DA:139,0
DA:140,0
DA:142,0
DA:143,0
DA:144,0
DA:145,0
DA:149,0
DA:150,0
DA:151,0
DA:152,0
DA:153,0
DA:154,0
DA:156,0
DA:157,0
DA:162,0
DA:170,1
DA:171,0
DA:172,0
DA:173,0
DA:178,0
DA:179,0
DA:180,0
DA:181,0
DA:184,0
DA:185,0
DA:186,0
DA:187,0
DA:189,0
DA:190,0
DA:191,0
DA:192,0
DA:196,0
DA:203,0
DA:206,0
DA:213,0
DA:220,1
DA:221,0
DA:222,0
DA:225,0
DA:227,0
DA:232,0
DA:233,0
DA:236,0
DA:237,0
DA:238,0
DA:239,0
DA:241,0
DA:242,0
DA:243,0
DA:247,0
DA:248,0
DA:249,0
DA:250,0
DA:252,0
DA:253,0
DA:258,0
LF:125
LH:12
BRDA:15,1,0,0
BRDA:15,1,1,0
BRDA:21,2,0,0
BRDA:21,2,1,0
BRDA:38,3,0,0
BRDA:38,3,1,0
BRDA:42,4,0,0
BRDA:42,4,1,0
BRDA:47,5,0,0
BRDA:47,5,1,0
BRDA:66,6,0,0
BRDA:66,6,1,0
BRDA:76,7,0,0
BRDA:76,7,1,0
BRDA:94,8,0,0
BRDA:94,8,1,0
BRDA:102,9,0,0
BRDA:102,9,1,0
BRDA:102,10,0,0
BRDA:102,10,1,0
BRDA:111,11,0,0
BRDA:111,11,1,0
BRDA:121,12,0,0
BRDA:121,12,1,0
BRDA:121,13,0,0
BRDA:121,13,1,0
BRDA:133,14,0,0
BRDA:133,14,1,0
BRDA:138,15,0,0
BRDA:138,15,1,0
BRDA:142,16,0,0
BRDA:142,16,1,0
BRDA:142,17,0,0
BRDA:142,17,1,0
BRDA:144,18,0,0
BRDA:144,18,1,0
BRDA:153,19,0,0
BRDA:153,19,1,0
BRDA:172,20,0,0
BRDA:172,20,1,0
BRDA:172,21,0,0
BRDA:172,21,1,0
BRDA:172,21,2,0
BRDA:180,22,0,0
BRDA:180,22,1,0
BRDA:185,23,0,0
BRDA:185,23,1,0
BRDA:189,24,0,0
BRDA:189,24,1,0
BRDA:189,25,0,0
BRDA:189,25,1,0
BRDA:191,26,0,0
BRDA:191,26,1,0
BRDA:221,27,0,0
BRDA:221,27,1,0
BRDA:221,28,0,0
BRDA:221,28,1,0
BRDA:232,29,0,0
BRDA:232,29,1,0
BRDA:237,30,0,0
BRDA:237,30,1,0
BRDA:241,31,0,0
BRDA:241,31,1,0
BRDA:241,32,0,0
BRDA:241,32,1,0
BRDA:242,33,0,0
BRDA:242,33,1,0
BRDA:249,34,0,0
BRDA:249,34,1,0
BRF:69
BRH:0
end_of_record
TN:
SF:/var/www/js/nodejs/books/GettinMEANWithMongoExpressAngularAndNode/getting-MEAN/app_api/controllers/authentication.js
FN:5,(anonymous_1)
FN:10,(anonymous_2)
FN:25,(anonymous_3)
FN:39,(anonymous_4)
FN:47,(anonymous_5)
FNF:5
FNH:0
FNDA:0,(anonymous_1)
FNDA:0,(anonymous_2)
FNDA:0,(anonymous_3)
FNDA:0,(anonymous_4)
FNDA:0,(anonymous_5)
DA:1,1
DA:2,1
DA:3,1
DA:5,1
DA:6,0
DA:7,0
DA:10,1
DA:11,0
DA:12,0
DA:15,0
DA:18,0
DA:20,0
DA:21,0
DA:23,0
DA:25,0
DA:26,0
DA:27,0
DA:28,0
DA:30,0
DA:31,0
DA:39,1
DA:40,0
DA:41,0
DA:44,0
DA:47,0
DA:48,0
DA:50,0
DA:51,0
DA:52,0
DA:55,0
DA:56,0
DA:57,0
DA:61,0
LF:33
LH:6
BRDA:11,1,0,0
BRDA:11,1,1,0
BRDA:11,2,0,0
BRDA:11,2,1,0
BRDA:11,2,2,0
BRDA:27,3,0,0
BRDA:27,3,1,0
BRDA:40,4,0,0
BRDA:40,4,1,0
BRDA:40,5,0,0
BRDA:40,5,1,0
BRDA:50,6,0,0
BRDA:50,6,1,0
BRDA:55,7,0,0
BRDA:55,7,1,0
BRF:15
BRH:0
end_of_record
